<?xml version="1.0" encoding="UTF-8"?>
<!-- Generated by org.testng.reporters.JUnitReportReporter -->
<testsuite name="com.warpDevelopment.testCases.ValidatePageTest_WD_TC_00" tests="1" time="0.298" ignored="0" failures="0" timestamp="10 Apr 2019 14:24:01 GMT" skipped="0" hostname="INT-01919" errors="0">
  <testcase name="ValidateSite_WD_TC_00" time="0.298" classname="com.warpDevelopment.testCases.ValidatePageTest_WD_TC_00"/>
</testsuite> <!-- com.warpDevelopment.testCases.ValidatePageTest_WD_TC_00 -->
