<?xml version="1.0" encoding="UTF-8"?>
<!-- Generated by org.testng.reporters.JUnitReportReporter -->
<testsuite name="com.warpDevelopment.testCases.ValidatePageTest" tests="1" time="0.300" ignored="0" failures="0" timestamp="10 Apr 2019 11:40:44 GMT" skipped="0" hostname="INT-01919" errors="0">
  <testcase name="valideThepage" time="0.300" classname="com.warpDevelopment.testCases.ValidatePageTest"/>
</testsuite> <!-- com.warpDevelopment.testCases.ValidatePageTest -->
