<?xml version="1.0" encoding="UTF-8"?>
<!-- Generated by org.testng.reporters.JUnitReportReporter -->
<testsuite name="com.warpDevelopment.testCases.MandatoryFieldsOnly_WD_02" tests="1" time="0.001" ignored="0" failures="0" timestamp="10 Apr 2019 12:48:15 GMT" skipped="1" hostname="INT-01919" errors="0">
  <testcase name="SubmitMandatoryFieldsOnly_WD_02" time="0.001" classname="com.warpDevelopment.testCases.MandatoryFieldsOnly_WD_02">
    <skipped/>
  </testcase> <!-- SubmitMandatoryFieldsOnly_WD_02 -->
</testsuite> <!-- com.warpDevelopment.testCases.MandatoryFieldsOnly_WD_02 -->
