<?xml version="1.0" encoding="UTF-8"?>
<!-- Generated by org.testng.reporters.JUnitReportReporter -->
<testsuite name="com.warpDevelopment.testCases.SubmitCorrectDetails_WD_TC_01" tests="1" time="0.002" ignored="0" failures="0" timestamp="10 Apr 2019 12:48:15 GMT" skipped="1" hostname="INT-01919" errors="0">
  <testcase name="SubmitCorrectDetails__WD_TC_01" time="0.002" classname="com.warpDevelopment.testCases.SubmitCorrectDetails_WD_TC_01">
    <skipped/>
  </testcase> <!-- SubmitCorrectDetails__WD_TC_01 -->
</testsuite> <!-- com.warpDevelopment.testCases.SubmitCorrectDetails_WD_TC_01 -->
